0 silly argv {
0 silly argv   _: [ 'create' ],
0 silly argv   lernaVersion: '3.22.1',
0 silly argv   '$0': '/usr/local/bin/lerna',
0 silly argv   name: '@filway-cli/get-npm-info'
0 silly argv }
1 notice cli v3.22.1
2 verbose rootPath /Users/zxxiaoxiao/Desktop/OpenSource/webqianduan/filway-cli
3 error Error: canceled
3 error     at Interface.<anonymous> (/Users/zxxiaoxiao/Desktop/OpenSource/webqianduan/filway-cli/node_modules/read/lib/read.js:66:13)
3 error     at Interface.emit (node:events:369:20)
3 error     at Interface._ttyWrite (node:readline:973:16)
3 error     at ReadStream.onkeypress (node:readline:259:10)
3 error     at ReadStream.emit (node:events:369:20)
3 error     at emitKeys (node:internal/readline/index:358:14)
3 error     at emitKeys.next (<anonymous>)
3 error     at ReadStream.onData (node:readline:1242:36)
3 error     at ReadStream.emit (node:events:369:20)
3 error     at addChunk (node:internal/streams/readable:313:12)
3 error     at readableAddChunk (node:internal/streams/readable:288:9)
3 error     at ReadStream.Readable.push (node:internal/streams/readable:227:10)
